Using pre-set license
Built from '2020.3/china_unity/release' branch; Version is '2020.3.26f1c1 (cf0e0a163043) revision 13569546'; Using compiler version '192528614'; Build Type 'Release'
OS: 'Windows 11  (10.0.22621) 64bit Professional' Language: 'zh' Physical Memory: 16193 MB
BatchMode: 1, IsHumanControllingUs: 0, StartBugReporterOnCrash: 0, Is64bit: 1, IsPro: 0

COMMAND LINE ARGUMENTS:
D:\unityEditor\2020.3.26f1c1\Editor\Unity.exe
-adb2
-batchMode
-noUpm
-name
AssetImportWorker0
-projectPath
E:/ProjectZero/PlantsVsZombies
-logFile
Logs/AssetImportWorker0.log
-srvPort
60571
Successfully changed project path to: E:/ProjectZero/PlantsVsZombies
E:/ProjectZero/PlantsVsZombies
Using Asset Import Pipeline V2.
AS: AutoStreaming module initializing.Refreshing native plugins compatible for Editor in 34.60 ms, found 3 plugins.
Preloading 0 native plugins for Editor in 0.00 ms.
Initialize engine version: 2020.3.26f1c1 (cf0e0a163043)
[Subsystems] Discovering subsystems at path D:/unityEditor/2020.3.26f1c1/Editor/Data/Resources/UnitySubsystems
[Subsystems] Discovering subsystems at path E:/ProjectZero/PlantsVsZombies/Assets
GfxDevice: creating device client; threaded=0
Direct3D:
    Version:  Direct3D 11.0 [level 11.1]
    Renderer: NVIDIA GeForce RTX 3060 Laptop GPU (ID=0x2520)
    Vendor:   
    VRAM:     6023 MB
    Driver:   30.0.15.1289
Initialize mono
Mono path[0] = 'D:/unityEditor/2020.3.26f1c1/Editor/Data/Managed'
Mono path[1] = 'D:/unityEditor/2020.3.26f1c1/Editor/Data/MonoBleedingEdge/lib/mono/unityjit'
Mono config path = 'D:/unityEditor/2020.3.26f1c1/Editor/Data/MonoBleedingEdge/etc'
Using monoOptions --debugger-agent=transport=dt_socket,embedding=1,server=y,suspend=n,address=127.0.0.1:56524
Begin MonoManager ReloadAssembly
Registering precompiled unity dll's ...
Register platform support module: D:/unityEditor/2020.3.26f1c1/Editor/Data/PlaybackEngines/WindowsStandaloneSupport/UnityEditor.WindowsStandalone.Extensions.dll
Registered in 0.000636 seconds.
Native extension for WindowsStandalone target not found
Refreshing native plugins compatible for Editor in 40.71 ms, found 3 plugins.
Preloading 0 native plugins for Editor in 0.00 ms.
Mono: successfully reloaded assembly
- Completed reload, in  0.466 seconds
Domain Reload Profiling:
	ReloadAssembly (466ms)
		BeginReloadAssembly (45ms)
			ExecutionOrderSort (0ms)
			DisableScriptedObjects (0ms)
			BackupInstance (0ms)
			ReleaseScriptingObjects (0ms)
			CreateAndSetChildDomain (1ms)
		EndReloadAssembly (365ms)
			LoadAssemblies (45ms)
			RebuildTransferFunctionScriptingTraits (0ms)
			SetupTypeCache (121ms)
			ReleaseScriptCaches (0ms)
			RebuildScriptCaches (24ms)
			SetupLoadedEditorAssemblies (136ms)
				LogAssemblyErrors (0ms)
				InitializePlatformSupportModulesInManaged (3ms)
				SetLoadedEditorAssemblies (0ms)
				RefreshPlugins (41ms)
				BeforeProcessingInitializeOnLoad (8ms)
				ProcessInitializeOnLoadAttributes (63ms)
				ProcessInitializeOnLoadMethodAttributes (22ms)
				AfterProcessingInitializeOnLoad (0ms)
				EditorAssembliesLoaded (0ms)
			ExecutionOrderSort2 (0ms)
			AwakeInstancesAfterBackupRestoration (0ms)
Platform modules already initialized, skipping
Registering precompiled user dll's ...
Registered in 0.002877 seconds.
Begin MonoManager ReloadAssembly
Native extension for WindowsStandalone target not found
Refreshing native plugins compatible for Editor in 38.05 ms, found 3 plugins.
Preloading 0 native plugins for Editor in 0.00 ms.
Mono: successfully reloaded assembly
- Completed reload, in  0.822 seconds
Domain Reload Profiling:
	ReloadAssembly (823ms)
		BeginReloadAssembly (102ms)
			ExecutionOrderSort (0ms)
			DisableScriptedObjects (3ms)
			BackupInstance (0ms)
			ReleaseScriptingObjects (0ms)
			CreateAndSetChildDomain (16ms)
		EndReloadAssembly (677ms)
			LoadAssemblies (64ms)
			RebuildTransferFunctionScriptingTraits (0ms)
			SetupTypeCache (235ms)
			ReleaseScriptCaches (0ms)
			RebuildScriptCaches (34ms)
			SetupLoadedEditorAssemblies (241ms)
				LogAssemblyErrors (0ms)
				InitializePlatformSupportModulesInManaged (2ms)
				SetLoadedEditorAssemblies (0ms)
				RefreshPlugins (38ms)
				BeforeProcessingInitializeOnLoad (45ms)
				ProcessInitializeOnLoadAttributes (141ms)
				ProcessInitializeOnLoadMethodAttributes (12ms)
				AfterProcessingInitializeOnLoad (1ms)
				EditorAssembliesLoaded (0ms)
			ExecutionOrderSort2 (0ms)
			AwakeInstancesAfterBackupRestoration (4ms)
Platform modules already initialized, skipping
========================================================================
Worker process is ready to serve import requests
Launched and connected shader compiler UnityShaderCompiler.exe after 0.03 seconds
Refreshing native plugins compatible for Editor in 0.46 ms, found 3 plugins.
Preloading 0 native plugins for Editor in 0.00 ms.
Unloading 2241 Unused Serialized files (Serialized files now loaded: 0)
System memory in use before: 99.4 MB.
System memory in use after: 99.5 MB.

Unloading 28 unused Assets to reduce memory usage. Loaded Objects now: 2676.
Total: 2.182000 ms (FindLiveObjects: 0.118000 ms CreateObjectMapping: 0.035300 ms MarkObjects: 1.977800 ms  DeleteObjects: 0.049600 ms)

AssetImportParameters requested are different than current active one (requested -> active):
  custom:framework-win-MediaFoundation: 216162199b28c13a410421893ffa2e32 -> 
  custom:video-decoder-ogg-theora: a1e56fd34408186e4bbccfd4996cb3dc -> 
  custom:container-muxer-webm: aa71ff27fc2769a1b78a27578f13a17b -> 
  custom:container-demuxer-webm: 4f35f7cbe854078d1ac9338744f61a02 -> 
  custom:container-demuxer-ogg: 62fdf1f143b41e24485cea50d1cbac27 -> 
  custom:video-encoder-webm-vp8: eb34c28f22e8b96e1ab97ce403110664 -> 
  custom:video-decoder-webm-vp8: 9c59270c3fd7afecdb556c50c9e8de78 -> 
  custom:audio-decoder-ogg-vorbis: bf7c407c2cedff20999df2af8eb42d56 -> 
  custom:audio-encoder-webm-vorbis: bf7c407c2cedff20999df2af8eb42d56 -> 
========================================================================
Received Import Request.
  path: Assets/PvzSprites/UI/MainPanel.png
  artifactKey: Guid(a02874e6399363a4696ce52ed9798c96) Importer(815301076,1909f56bfc062723c751e8b465ee728b)
Start importing Assets/PvzSprites/UI/MainPanel.png using Guid(a02874e6399363a4696ce52ed9798c96) Importer(815301076,1909f56bfc062723c751e8b465ee728b)  -> (artifact id: '9d4e2126250a7e9eb1894d2408eeec80') in 0.099602 seconds 
  Import took 0.102466 seconds .

========================================================================
Received Import Request.
  Time since last request: 412.974907 seconds.
  path: Assets/PvzSprites/UI/Card/Peashooter.png
  artifactKey: Guid(39ed5d9c526127f4fa05835722801fc5) Importer(815301076,1909f56bfc062723c751e8b465ee728b)
Start importing Assets/PvzSprites/UI/Card/Peashooter.png using Guid(39ed5d9c526127f4fa05835722801fc5) Importer(815301076,1909f56bfc062723c751e8b465ee728b)  -> (artifact id: '018497f0198fc1f510925bb8c67aaaf1') in 0.016587 seconds 
  Import took 0.019938 seconds .

========================================================================
Received Import Request.
  Time since last request: 0.726075 seconds.
  path: Assets/PvzSprites/UI/Card/ShovelBack.png
  artifactKey: Guid(c843de0c8b4f16f4a836a9ba57557170) Importer(815301076,1909f56bfc062723c751e8b465ee728b)
Start importing Assets/PvzSprites/UI/Card/ShovelBack.png using Guid(c843de0c8b4f16f4a836a9ba57557170) Importer(815301076,1909f56bfc062723c751e8b465ee728b)  -> (artifact id: '4e57b4e01d890586ef384bc23a42bbf4') in 0.036496 seconds 
  Import took 0.039418 seconds .

========================================================================
Received Import Request.
  Time since last request: 1.049413 seconds.
  path: Assets/PvzSprites/UI/Card/Spike.png
  artifactKey: Guid(55e4317bfcc0b9448ac122b0d8189286) Importer(815301076,1909f56bfc062723c751e8b465ee728b)
Start importing Assets/PvzSprites/UI/Card/Spike.png using Guid(55e4317bfcc0b9448ac122b0d8189286) Importer(815301076,1909f56bfc062723c751e8b465ee728b)  -> (artifact id: 'a9bb47cb96aa8bf1419aef61b26ed2e2') in 0.084517 seconds 
  Import took 0.087281 seconds .

========================================================================
Received Import Request.
  Time since last request: 0.996529 seconds.
  path: Assets/PvzSprites/UI/Card/SunFlower.png
  artifactKey: Guid(b8d1d93fa0401f2459e6fd820b400044) Importer(815301076,1909f56bfc062723c751e8b465ee728b)
Start importing Assets/PvzSprites/UI/Card/SunFlower.png using Guid(b8d1d93fa0401f2459e6fd820b400044) Importer(815301076,1909f56bfc062723c751e8b465ee728b)  -> (artifact id: 'b38ad2b901147e4ceeb1b1339c5210ad') in 0.022464 seconds 
  Import took 0.025334 seconds .

========================================================================
Received Import Request.
  Time since last request: 688.649887 seconds.
  path: Assets
  artifactKey: Guid(00000000000000001000000000000000) Importer(815301076,1909f56bfc062723c751e8b465ee728b)
Start importing Assets using Guid(00000000000000001000000000000000) Importer(815301076,1909f56bfc062723c751e8b465ee728b)  -> (artifact id: '42d402b061de3733987d63b9cc3b64de') in 0.004921 seconds 
  Import took 0.008502 seconds .

========================================================================
Received Import Request.
  Time since last request: 0.588507 seconds.
  path: Assets/Animations
  artifactKey: Guid(6e7efeb458629d847a720ae4efba4212) Importer(815301076,1909f56bfc062723c751e8b465ee728b)
Start importing Assets/Animations using Guid(6e7efeb458629d847a720ae4efba4212) Importer(815301076,1909f56bfc062723c751e8b465ee728b)  -> (artifact id: 'cbeb6c4718878ceae0fa956985ba2295') in 0.004809 seconds 
  Import took 0.008490 seconds .

========================================================================
Received Import Request.
  Time since last request: 27.792884 seconds.
  path: Assets/Animations/Control
  artifactKey: Guid(8830c0183a0f02c4187c6b01527a9a97) Importer(815301076,1909f56bfc062723c751e8b465ee728b)
Start importing Assets/Animations/Control using Guid(8830c0183a0f02c4187c6b01527a9a97) Importer(815301076,1909f56bfc062723c751e8b465ee728b)  -> (artifact id: '2fe97d88cf10220f5cecbcddfc8a1110') in 0.005496 seconds 
  Import took 0.008476 seconds .

========================================================================
Received Import Request.
  Time since last request: 30.118574 seconds.
  path: Assets/Animations/Yanfei
  artifactKey: Guid(b847ce63866a58b4298d8a98141c7b9b) Importer(815301076,1909f56bfc062723c751e8b465ee728b)
Start importing Assets/Animations/Yanfei using Guid(b847ce63866a58b4298d8a98141c7b9b) Importer(815301076,1909f56bfc062723c751e8b465ee728b)  -> (artifact id: '7627e663bf2557205c88c61aa72a7d8f') in 0.004633 seconds 
  Import took 0.007732 seconds .

========================================================================
Received Import Request.
  Time since last request: 17.531144 seconds.
  path: Assets/PvzSprites/Plant/Sunflower/SunFlower_0017_图层-18.png
  artifactKey: Guid(3c3e3130f2df9f643825dbebd15d5cec) Importer(815301076,1909f56bfc062723c751e8b465ee728b)
Start importing Assets/PvzSprites/Plant/Sunflower/SunFlower_0017_图层-18.png using Guid(3c3e3130f2df9f643825dbebd15d5cec) Importer(815301076,1909f56bfc062723c751e8b465ee728b)  -> (artifact id: '9f5ddd5efde4eafcf6943732461b418c') in 0.035214 seconds 
  Import took 0.038880 seconds .

========================================================================
Received Import Request.
  Time since last request: 2.581969 seconds.
  path: Assets/PvzSprites/Plant/Sunflower
  artifactKey: Guid(763f64b9fa5d8bc4d8d795cc332c7841) Importer(815301076,1909f56bfc062723c751e8b465ee728b)
Start importing Assets/PvzSprites/Plant/Sunflower using Guid(763f64b9fa5d8bc4d8d795cc332c7841) Importer(815301076,1909f56bfc062723c751e8b465ee728b)  -> (artifact id: 'b68dccff1bd728bbe1c707e23875c334') in 0.004253 seconds 
  Import took 0.007021 seconds .

========================================================================
Received Import Request.
  Time since last request: 2.437365 seconds.
  path: Assets/PvzSprites/Plant/Sunflower/SunFlower_0006_图层-7.png
  artifactKey: Guid(1e7648f9fab68654eb32039b2b291908) Importer(815301076,1909f56bfc062723c751e8b465ee728b)
Start importing Assets/PvzSprites/Plant/Sunflower/SunFlower_0006_图层-7.png using Guid(1e7648f9fab68654eb32039b2b291908) Importer(815301076,1909f56bfc062723c751e8b465ee728b)  -> (artifact id: '3e8f89bc5f8a686cd20c31feb66575e8') in 0.038291 seconds 
  Import took 0.041254 seconds .

========================================================================
Received Import Request.
  Time since last request: 0.800554 seconds.
  path: Assets/PvzSprites/Plant/Sunflower/SunFlower_0000_图层-1.png
  artifactKey: Guid(b85d6de83d40d044dbbb7fcd29560c9a) Importer(815301076,1909f56bfc062723c751e8b465ee728b)
Start importing Assets/PvzSprites/Plant/Sunflower/SunFlower_0000_图层-1.png using Guid(b85d6de83d40d044dbbb7fcd29560c9a) Importer(815301076,1909f56bfc062723c751e8b465ee728b)  -> (artifact id: '9afba86fc5e7f3c1f8b91d6fa3310757') in 0.025210 seconds 
  Import took 0.028087 seconds .

========================================================================
Received Import Request.
  Time since last request: 2.424075 seconds.
  path: Assets/PvzSprites/Plant/Sunflower/SunFlower_0001_图层-2.png
  artifactKey: Guid(7fcf7d4399047d5458e6c75d14ebb97a) Importer(815301076,1909f56bfc062723c751e8b465ee728b)
Start importing Assets/PvzSprites/Plant/Sunflower/SunFlower_0001_图层-2.png using Guid(7fcf7d4399047d5458e6c75d14ebb97a) Importer(815301076,1909f56bfc062723c751e8b465ee728b)  -> (artifact id: 'b8c1828a732aec35305bceffbbb3c9e5') in 0.029998 seconds 
  Import took 0.032818 seconds .

========================================================================
Received Import Request.
  Time since last request: 62.033371 seconds.
  path: Assets/PvzSprites/Plant/Sunflower/SunFlower_0002_图层-3.png
  artifactKey: Guid(21940147d514c434f8f77fdc17a4886b) Importer(815301076,1909f56bfc062723c751e8b465ee728b)
Start importing Assets/PvzSprites/Plant/Sunflower/SunFlower_0002_图层-3.png using Guid(21940147d514c434f8f77fdc17a4886b) Importer(815301076,1909f56bfc062723c751e8b465ee728b)  -> (artifact id: 'b732e7a134b2aeab63e281bdb84b24c3') in 0.016602 seconds 
  Import took 0.019438 seconds .

========================================================================
Received Import Request.
  Time since last request: 6.620088 seconds.
  path: Assets/PvzSprites/Plant/Sunflower/SunFlower_0000_图层-1 1.png
  artifactKey: Guid(61b6066591a22494e95643bbf5d3606d) Importer(815301076,1909f56bfc062723c751e8b465ee728b)
Start importing Assets/PvzSprites/Plant/Sunflower/SunFlower_0000_图层-1 1.png using Guid(61b6066591a22494e95643bbf5d3606d) Importer(815301076,1909f56bfc062723c751e8b465ee728b)  -> (artifact id: '6474282c6580f6cc8d5dcd35a9a46400') in 0.034419 seconds 
  Import took 0.038697 seconds .

========================================================================
Received Import Request.
  Time since last request: 4.169745 seconds.
  path: Assets/PvzSprites/Plant/Sunflower/SunFlower_0001_图层-2 1.png
  artifactKey: Guid(54110cc64e6a2ca4594b7563c66d1eb1) Importer(815301076,1909f56bfc062723c751e8b465ee728b)
Start importing Assets/PvzSprites/Plant/Sunflower/SunFlower_0001_图层-2 1.png using Guid(54110cc64e6a2ca4594b7563c66d1eb1) Importer(815301076,1909f56bfc062723c751e8b465ee728b)  -> (artifact id: '17942991f18866aae39b9f6fc1198c09') in 0.010114 seconds 
  Import took 0.013009 seconds .

========================================================================
Received Import Request.
  Time since last request: 2.048844 seconds.
  path: Assets/PvzSprites/Plant/Sunflower/SunFlower_0002_图层-3 1.png
  artifactKey: Guid(1b45d41ce93d0d440ba4413b76b575a2) Importer(815301076,1909f56bfc062723c751e8b465ee728b)
Start importing Assets/PvzSprites/Plant/Sunflower/SunFlower_0002_图层-3 1.png using Guid(1b45d41ce93d0d440ba4413b76b575a2) Importer(815301076,1909f56bfc062723c751e8b465ee728b)  -> (artifact id: '646f41c8e6ef8e78461536e0408bacef') in 0.009999 seconds 
  Import took 0.012930 seconds .

========================================================================
Received Import Request.
  Time since last request: 2.076112 seconds.
  path: Assets/PvzSprites/Plant/Sunflower/SunFlower_0003_图层-4 1.png
  artifactKey: Guid(487373ec39aeef140b4716c0bd9cd2d8) Importer(815301076,1909f56bfc062723c751e8b465ee728b)
Start importing Assets/PvzSprites/Plant/Sunflower/SunFlower_0003_图层-4 1.png using Guid(487373ec39aeef140b4716c0bd9cd2d8) Importer(815301076,1909f56bfc062723c751e8b465ee728b)  -> (artifact id: 'ad122675ad76e98d18b6daca399ec2b7') in 0.010699 seconds 
  Import took 0.013515 seconds .

========================================================================
Received Import Request.
  Time since last request: 12.088442 seconds.
  path: Assets/PvzSprites/Plant/Sunflower/SunFlower_0012_图层-13.png
  artifactKey: Guid(17e0f51e6f59b994b88314a840444652) Importer(815301076,1909f56bfc062723c751e8b465ee728b)
Start importing Assets/PvzSprites/Plant/Sunflower/SunFlower_0012_图层-13.png using Guid(17e0f51e6f59b994b88314a840444652) Importer(815301076,1909f56bfc062723c751e8b465ee728b)  -> (artifact id: '88c581c860c2ff066fa4e28114cc6cd3') in 0.024711 seconds 
  Import took 0.027797 seconds .

========================================================================
Received Import Request.
  Time since last request: 105.540125 seconds.
  path: Assets/Animations/SunFlower_0000_图层-1.controller
  artifactKey: Guid(8cf0060c27211f6499709cf4512bcbc4) Importer(815301076,1909f56bfc062723c751e8b465ee728b)
Start importing Assets/Animations/SunFlower_0000_图层-1.controller using Guid(8cf0060c27211f6499709cf4512bcbc4) Importer(815301076,1909f56bfc062723c751e8b465ee728b)  -> (artifact id: '921433c5d51128b6ac1b9367f8d3790c') in 0.005601 seconds 
  Import took 0.008429 seconds .

========================================================================
Received Import Request.
  Time since last request: 12.170089 seconds.
  path: Assets/Animations/SunFlower.controller
  artifactKey: Guid(8cf0060c27211f6499709cf4512bcbc4) Importer(815301076,1909f56bfc062723c751e8b465ee728b)
Start importing Assets/Animations/SunFlower.controller using Guid(8cf0060c27211f6499709cf4512bcbc4) Importer(815301076,1909f56bfc062723c751e8b465ee728b)  -> (artifact id: '76437453a3d2b72bedf44140cfb9ff56') in 0.002314 seconds 
  Import took 0.005115 seconds .

========================================================================
Received Import Request.
  Time since last request: 0.057177 seconds.
  path: Assets/Animations/Control/Yanfei/Yanfei.controller
  artifactKey: Guid(2d5ed857480de2249aa7a8fe055cb3f4) Importer(815301076,1909f56bfc062723c751e8b465ee728b)
Start importing Assets/Animations/Control/Yanfei/Yanfei.controller using Guid(2d5ed857480de2249aa7a8fe055cb3f4) Importer(815301076,1909f56bfc062723c751e8b465ee728b)  -> (artifact id: '32672017fe42598baab651738211d258') in 0.002426 seconds 
  Import took 0.005876 seconds .

========================================================================
Received Import Request.
  Time since last request: 0.982770 seconds.
  path: Assets/Animations/SunFlower.anim
  artifactKey: Guid(e50f4c9b6fccd2546a1b645c0459cdc5) Importer(815301076,1909f56bfc062723c751e8b465ee728b)
Start importing Assets/Animations/SunFlower.anim using Guid(e50f4c9b6fccd2546a1b645c0459cdc5) Importer(815301076,1909f56bfc062723c751e8b465ee728b)  -> (artifact id: 'e927d2038f804e3429a3a7cc6f7d31fd') in 0.003378 seconds 
  Import took 0.006298 seconds .

========================================================================
Received Import Request.
  Time since last request: 52.739682 seconds.
  path: Assets/Animations/Control/AttackAnimation.anim
  artifactKey: Guid(2e41f5af022be8f42b2eb4b489932277) Importer(815301076,1909f56bfc062723c751e8b465ee728b)
Start importing Assets/Animations/Control/AttackAnimation.anim using Guid(2e41f5af022be8f42b2eb4b489932277) Importer(815301076,1909f56bfc062723c751e8b465ee728b)  -> (artifact id: 'cbcdd511d9d851de33bcbe49917d5b4c') in 0.014012 seconds 
  Import took 0.016944 seconds .

========================================================================
Received Import Request.
  Time since last request: 28.958040 seconds.
  path: Assets/Animations/Yanfei.anim
  artifactKey: Guid(2e41f5af022be8f42b2eb4b489932277) Importer(815301076,1909f56bfc062723c751e8b465ee728b)
Start importing Assets/Animations/Yanfei.anim using Guid(2e41f5af022be8f42b2eb4b489932277) Importer(815301076,1909f56bfc062723c751e8b465ee728b)  -> (artifact id: 'a103496b82aec01a6dfface341b31adf') in 0.001975 seconds 
  Import took 0.005031 seconds .

========================================================================
Received Import Request.
  Time since last request: 0.111155 seconds.
  path: Assets/Picture
  artifactKey: Guid(d31f800b86f8e4f4ba0e808e4b72f5a6) Importer(815301076,1909f56bfc062723c751e8b465ee728b)
Start importing Assets/Picture using Guid(d31f800b86f8e4f4ba0e808e4b72f5a6) Importer(815301076,1909f56bfc062723c751e8b465ee728b)  -> (artifact id: '4b202b2153c9b8022d35d82b038a1c92') in 0.004689 seconds 
  Import took 0.007466 seconds .

========================================================================
Received Import Request.
  Time since last request: 43.326537 seconds.
  path: ProjectSettings/TagManager.asset
  artifactKey: Guid(00000000000000003000000000000000) Importer(815301076,1909f56bfc062723c751e8b465ee728b)
Start importing ProjectSettings/TagManager.asset using Guid(00000000000000003000000000000000) Importer(815301076,1909f56bfc062723c751e8b465ee728b)  -> (artifact id: '7b3ea0b370d652097a4e30a8f3c41798') in 0.006714 seconds 
  Import took 0.010167 seconds .

========================================================================
Received Import Request.
  Time since last request: 123.982650 seconds.
  path: Assets/PvzSprites/Sun/Sun_0000_图层-1.png
  artifactKey: Guid(5ee3745fe0770524f8263ca69927b7bc) Importer(815301076,1909f56bfc062723c751e8b465ee728b)
Start importing Assets/PvzSprites/Sun/Sun_0000_图层-1.png using Guid(5ee3745fe0770524f8263ca69927b7bc) Importer(815301076,1909f56bfc062723c751e8b465ee728b)  -> (artifact id: '73f8d6655b98fd005692aab2d674a1ad') in 0.016051 seconds 
  Import took 0.019545 seconds .

========================================================================
Received Import Request.
  Time since last request: 1.016696 seconds.
  path: Assets/PvzSprites/Sun/Sun_0021_图层-22.png
  artifactKey: Guid(dd0fc9de4dbcd0248a2c0d966e7258f5) Importer(815301076,1909f56bfc062723c751e8b465ee728b)
Start importing Assets/PvzSprites/Sun/Sun_0021_图层-22.png using Guid(dd0fc9de4dbcd0248a2c0d966e7258f5) Importer(815301076,1909f56bfc062723c751e8b465ee728b)  -> (artifact id: '22e5f9d8e19297cee88ec83781f08f72') in 0.010051 seconds 
  Import took 0.012935 seconds .

========================================================================
Received Import Request.
  Time since last request: 12.182895 seconds.
  path: Assets/PvzSprites/Sun/Sun_0001_图层-2.png
  artifactKey: Guid(960beec78d6aa864eb0ded9853b384e7) Importer(815301076,1909f56bfc062723c751e8b465ee728b)
Start importing Assets/PvzSprites/Sun/Sun_0001_图层-2.png using Guid(960beec78d6aa864eb0ded9853b384e7) Importer(815301076,1909f56bfc062723c751e8b465ee728b)  -> (artifact id: '4df07fa737ac73771fa8cf88e8d5f2b2') in 0.039384 seconds 
  Import took 0.042254 seconds .

========================================================================
Received Import Request.
  Time since last request: 47.019461 seconds.
  path: Assets/Animations/Sun_0000_图层-1.controller
  artifactKey: Guid(22aa905c65dfdd84ba2669882c9ec7b7) Importer(815301076,1909f56bfc062723c751e8b465ee728b)
Start importing Assets/Animations/Sun_0000_图层-1.controller using Guid(22aa905c65dfdd84ba2669882c9ec7b7) Importer(815301076,1909f56bfc062723c751e8b465ee728b)  -> (artifact id: '0cd8b60d26e0e5632620593c11a5b2cd') in 0.002218 seconds 
  Import took 0.005314 seconds .

========================================================================
Received Import Request.
  Time since last request: 4.837126 seconds.
  path: Assets/Animations/Sun.controller
  artifactKey: Guid(22aa905c65dfdd84ba2669882c9ec7b7) Importer(815301076,1909f56bfc062723c751e8b465ee728b)
Start importing Assets/Animations/Sun.controller using Guid(22aa905c65dfdd84ba2669882c9ec7b7) Importer(815301076,1909f56bfc062723c751e8b465ee728b)  -> (artifact id: '73813ef3059b6efc50c966bc16f93659') in 0.004875 seconds 
  Import took 0.007679 seconds .

========================================================================
Received Import Request.
  Time since last request: 3.854272 seconds.
  path: Assets/Animations/Sun.anim
  artifactKey: Guid(dd5f6f265670dac429f7fc7aed71bfb3) Importer(815301076,1909f56bfc062723c751e8b465ee728b)
Start importing Assets/Animations/Sun.anim using Guid(dd5f6f265670dac429f7fc7aed71bfb3) Importer(815301076,1909f56bfc062723c751e8b465ee728b)  -> (artifact id: 'a9dd6755abb8b3552d20e5f8777adf1e') in 0.002079 seconds 
  Import took 0.004895 seconds .

========================================================================
Received Import Request.
  Time since last request: 6.141296 seconds.
  path: Assets/Animations/Sun.anim
  artifactKey: Guid(dd5f6f265670dac429f7fc7aed71bfb3) Importer(815301076,1909f56bfc062723c751e8b465ee728b)
Start importing Assets/Animations/Sun.anim using Guid(dd5f6f265670dac429f7fc7aed71bfb3) Importer(815301076,1909f56bfc062723c751e8b465ee728b)  -> (artifact id: '0c7ef090f8628a9a4718def35eaba5f7') in 0.001991 seconds 
  Import took 0.004883 seconds .

AssetImportWorkerClient::OnTransportError - code=2 error=End of file
